#
# There is insufficient memory for the Java Runtime Environment to continue.
# Native memory allocation (mmap) failed to map 260046848 bytes for Failed to commit area from 0x0000000709800000 to 0x0000000719000000 of length 260046848.
# Possible reasons:
#   The system is out of physical RAM or swap space
#   The process is running with CompressedOops enabled, and the Java Heap may be blocking the growth of the native heap
# Possible solutions:
#   Reduce memory load on the system
#   Increase physical memory or swap space
#   Check if swap backing store is full
#   Decrease Java heap size (-Xmx/-Xms)
#   Decrease number of Java threads
#   Decrease Java thread stack sizes (-Xss)
#   Set larger code cache with -XX:ReservedCodeCacheSize=
# This output file may be truncated or incomplete.
#
#  Out of Memory Error (c:/BuildAgent/work/1eae4dac1d648407/src/hotspot/os/windows/os_windows.cpp:3296), pid=57720, tid=80932
#
# JRE version:  (11.0.6+8) (build )
# Java VM: OpenJDK 64-Bit Server VM (11.0.6+8-b765.40, mixed mode, sharing, tiered, compressed oops, g1 gc, windows-amd64)
# No core dump will be written. Minidumps are not enabled by default on client versions of Windows
#

---------------  S U M M A R Y ------------

Command Line: com.intellij.util.ReadEnv C:\Users\wxh\AppData\Local\Temp\intellij-cmd-env.tmp

Host: AMD Ryzen 5 4500U with Radeon Graphics         , 6 cores, 15G,  Windows 10 , 64 bit Build 19041 (10.0.19041.1023)
Time: Tue Aug 31 10:42:15 2021 中国标准时间 elapsed time: 0 seconds (0d 0h 0m 0s)

---------------  T H R E A D  ---------------

Current thread (0x000002998fca9800):  JavaThread "Unknown thread" [_thread_in_vm, id=80932, stack(0x000000e865a00000,0x000000e865b00000)]

Stack: [0x000000e865a00000,0x000000e865b00000]
Native frames: (J=compiled Java code, j=interpreted, Vv=VM code, C=native code)
V  [jvm.dll+0x5ddf9a]
V  [jvm.dll+0x710ae5]
V  [jvm.dll+0x712005]
V  [jvm.dll+0x7126b3]
V  [jvm.dll+0x23e718]
V  [jvm.dll+0x5db444]
V  [jvm.dll+0x5d0675]
V  [jvm.dll+0x2faf1b]
V  [jvm.dll+0x2fae8a]
V  [jvm.dll+0x2fad62]
V  [jvm.dll+0x2ffc36]
V  [jvm.dll+0x3484e3]
V  [jvm.dll+0x348be6]
V  [jvm.dll+0x3485e3]
V  [jvm.dll+0x2d5938]
V  [jvm.dll+0x2d6ad7]
V  [jvm.dll+0x6ef8a7]
V  [jvm.dll+0x6f109c]
V  [jvm.dll+0x355b29]
V  [jvm.dll+0x6d4a7e]
V  [jvm.dll+0x3bf053]
V  [jvm.dll+0x3c15d1]
C  [jli.dll+0x5363]
C  [ucrtbase.dll+0x21bb2]
C  [KERNEL32.DLL+0x17034]
C  [ntdll.dll+0x52651]


---------------  P R O C E S S  ---------------

Threads class SMR info:
_java_thread_list=0x000002998db017a0, length=0, elements={
}

Java Threads: ( => current thread )

Other Threads:
  0x000002998fcc1000 GCTaskThread "GC Thread#0" [stack: 0x000000e865b00000,0x000000e865c00000] [id=25092]
  0x000002998fd19000 ConcurrentGCThread "G1 Main Marker" [stack: 0x000000e865c00000,0x000000e865d00000] [id=83396]
  0x000002998fd1a800 ConcurrentGCThread "G1 Conc#0" [stack: 0x000000e865d00000,0x000000e865e00000] [id=25516]

[error occurred during error reporting (printing all threads), id 0xc0000005, EXCEPTION_ACCESS_VIOLATION (0xc0000005) at pc=0x00007ffbbe216047]

VM state:not at safepoint (not fully initialized)

VM Mutex/Monitor currently owned by a thread:  ([mutex/lock_event])
[0x000002998fca4d60] Heap_lock - owner thread: 0x000002998fca9800

Heap address: 0x0000000709800000, size: 3944 MB, Compressed Oops mode: Non-zero based: 0x0000000709800000
Narrow klass base: 0x0000000000000000, Narrow klass shift: 0

GC Heap History (0 events):
No events

Deoptimization events (0 events):
No events

Classes redefined (0 events):
No events

Internal exceptions (0 events):
No events

Events (2 events):
Event: 0.017 Loaded shared library C:\Users\wxh\PyCharm 2020.1.1\jbr\bin\zip.dll
Event: 0.018 Loaded shared library C:\Users\wxh\PyCharm 2020.1.1\jbr\bin\jimage.dll


Dynamic libraries:
0x00007ff7e2140000 - 0x00007ff7e214a000 	C:\Users\wxh\PyCharm 2020.1.1\jbr\bin\java.exe
0x00007ffc1d1b0000 - 0x00007ffc1d3a5000 	C:\windows\SYSTEM32\ntdll.dll
0x00007ffc1c100000 - 0x00007ffc1c1bd000 	C:\windows\System32\KERNEL32.DLL
0x00007ffc1a8f0000 - 0x00007ffc1abb9000 	C:\windows\System32\KERNELBASE.dll
0x00007ffc1abc0000 - 0x00007ffc1acc0000 	C:\windows\System32\ucrtbase.dll
0x00007ffc0d380000 - 0x00007ffc0d399000 	C:\Users\wxh\PyCharm 2020.1.1\jbr\bin\jli.dll
0x00007ffc0d090000 - 0x00007ffc0d0a7000 	C:\Users\wxh\PyCharm 2020.1.1\jbr\bin\VCRUNTIME140.dll
0x00007ffc1b470000 - 0x00007ffc1b610000 	C:\windows\System32\USER32.dll
0x00007ffc1ad20000 - 0x00007ffc1ad42000 	C:\windows\System32\win32u.dll
0x00007ffc1bd60000 - 0x00007ffc1bd8a000 	C:\windows\System32\GDI32.dll
0x00007ffc1ad50000 - 0x00007ffc1ae5b000 	C:\windows\System32\gdi32full.dll
0x00007ffc1b050000 - 0x00007ffc1b0ed000 	C:\windows\System32\msvcp_win.dll
0x00007ffc02cb0000 - 0x00007ffc02f4a000 	C:\windows\WinSxS\amd64_microsoft.windows.common-controls_6595b64144ccf1df_6.0.19041.1110_none_60b5254171f9507e\COMCTL32.dll
0x00007ffc1ce20000 - 0x00007ffc1cebe000 	C:\windows\System32\msvcrt.dll
0x00007ffc1d130000 - 0x00007ffc1d160000 	C:\windows\System32\IMM32.DLL
0x00007ffbf4470000 - 0x00007ffbf450d000 	C:\Users\wxh\PyCharm 2020.1.1\jbr\bin\msvcp140.dll
0x00007ffbbdf30000 - 0x00007ffbbe9ed000 	C:\Users\wxh\PyCharm 2020.1.1\jbr\bin\server\jvm.dll
0x00007ffc1b610000 - 0x00007ffc1b6bc000 	C:\windows\System32\ADVAPI32.dll
0x00007ffc1b220000 - 0x00007ffc1b2bb000 	C:\windows\System32\sechost.dll
0x00007ffc1cfa0000 - 0x00007ffc1d0ca000 	C:\windows\System32\RPCRT4.dll
0x00007ffc1d160000 - 0x00007ffc1d168000 	C:\windows\System32\PSAPI.DLL
0x00007ffc06270000 - 0x00007ffc06297000 	C:\windows\SYSTEM32\WINMM.dll
0x00007ffc147e0000 - 0x00007ffc147ea000 	C:\windows\SYSTEM32\VERSION.dll
0x00007ffc04500000 - 0x00007ffc04509000 	C:\windows\SYSTEM32\WSOCK32.dll
0x00007ffc1bb30000 - 0x00007ffc1bb9b000 	C:\windows\System32\ws2_32.DLL
0x00007ffc18820000 - 0x00007ffc18832000 	C:\windows\SYSTEM32\kernel.appcore.dll
0x00007ffc0d4c0000 - 0x00007ffc0d4d1000 	C:\Users\wxh\PyCharm 2020.1.1\jbr\bin\verify.dll
0x00007ffc164a0000 - 0x00007ffc16684000 	C:\windows\SYSTEM32\DBGHELP.DLL
0x00007ffc0c3a0000 - 0x00007ffc0c3cc000 	C:\windows\SYSTEM32\dbgcore.DLL
0x00007ffc1ae60000 - 0x00007ffc1aee3000 	C:\windows\System32\bcryptPrimitives.dll
0x00007ffc0d490000 - 0x00007ffc0d4b9000 	C:\Users\wxh\PyCharm 2020.1.1\jbr\bin\java.dll
0x00007ffc0b6c0000 - 0x00007ffc0b6d8000 	C:\Users\wxh\PyCharm 2020.1.1\jbr\bin\zip.dll
0x00007ffc0d470000 - 0x00007ffc0d47b000 	C:\Users\wxh\PyCharm 2020.1.1\jbr\bin\jimage.dll

dbghelp: loaded successfully - version: 4.0.5 - missing functions: none
symbol engine: initialized successfully - sym options: 0x614 - pdb path: .;C:\Users\wxh\PyCharm 2020.1.1\jbr\bin;C:\windows\SYSTEM32;C:\windows\WinSxS\amd64_microsoft.windows.common-controls_6595b64144ccf1df_6.0.19041.1110_none_60b5254171f9507e;C:\Users\wxh\PyCharm 2020.1.1\jbr\bin\server

VM Arguments:
java_command: com.intellij.util.ReadEnv C:\Users\wxh\AppData\Local\Temp\intellij-cmd-env.tmp
java_class_path (initial): C:\Users\wxh\PyCharm 2020.1.1\lib\util.jar
Launcher Type: SUN_STANDARD

[Global flags]
     intx CICompilerCount                          = 3                                         {product} {ergonomic}
     uint ConcGCThreads                            = 2                                         {product} {ergonomic}
     uint G1ConcRefinementThreads                  = 6                                         {product} {ergonomic}
   size_t G1HeapRegionSize                         = 1048576                                   {product} {ergonomic}
    uintx GCDrainStackTargetSize                   = 64                                        {product} {ergonomic}
   size_t InitialHeapSize                          = 260046848                                 {product} {ergonomic}
   size_t MarkStackSize                            = 4194304                                   {product} {ergonomic}
   size_t MaxHeapSize                              = 4135583744                                {product} {ergonomic}
   size_t MinHeapDeltaBytes                        = 1048576                                   {product} {ergonomic}
    uintx NonNMethodCodeHeapSize                   = 5830732                                {pd product} {ergonomic}
    uintx NonProfiledCodeHeapSize                  = 122913754                              {pd product} {ergonomic}
    uintx ProfiledCodeHeapSize                     = 122913754                              {pd product} {ergonomic}
    uintx ReservedCodeCacheSize                    = 251658240                              {pd product} {ergonomic}
     bool SegmentedCodeCache                       = true                                      {product} {ergonomic}
     bool UseCompressedClassPointers               = true                                 {lp64_product} {ergonomic}
     bool UseCompressedOops                        = true                                 {lp64_product} {ergonomic}
     bool UseG1GC                                  = true                                      {product} {ergonomic}
     bool UseLargePagesIndividualAllocation        = false                                  {pd product} {ergonomic}

Logging:
Log output configuration:
 #0: stdout all=warning uptime,level,tags
 #1: stderr all=off uptime,level,tags

Environment Variables:
JAVA_HOME=C:\Program Files\Java\jdk1.8.0_271
CLASSPATH=.\;C:\Program Files\Java\jdk1.8.0_271\lib\dt.jar;\C:\Program Files\Java\jdk1.8.0_271\lib\tools.jar;C:\Program Files\Java\jdk1.8.0_271\bin;D:\apache-jmeter-5.3\lib\ext\ApacheJMeter_core.jar;D:\apache-jmeter-5.3\lib\jorphan.jar;D:\apache-jmeter-5.3\lib/logkit-2.0.jar;
PATH=G:\Reptile\Scripts;C:\Program Files (x86)\Common Files\Oracle\Java\javapath;C:\windows\system32;C:\windows;C:\windows\System32\Wbem;C:\windows\System32\WindowsPowerShell\v1.0\;C:\windows\System32\OpenSSH\;C:\Program Files\Java\jdk1.8.0_271\bin;C:\Program Files\Appium;C:\Program Files\Git\cmd;C:\Users\wxh\PycharmProjects\jk_interface_test\allure-2.13.8\bin;G:\python\python37\Scripts\;G:\python\python37\;G:\Scripts\;G:\;C:\Users\wxh\AppData\Local\Programs\Python\Python39\Scripts\;C:\Users\wxh\AppData\Local\Programs\Python\Python39\;C:\Users\wxh\AppData\Local\Microsoft\WindowsApps;;D:\PyCharm Community Edition 203.4449.8\bin;;C:\Users\wxh\AppData\Local\Programs\Fiddler;C:\Users\wxh\AppData\Roaming\npm;C:\Users\wxh\PyCharm 2020.1.1\bin;
USERNAME=wxh
OS=Windows_NT
PROCESSOR_IDENTIFIER=AMD64 Family 23 Model 96 Stepping 1, AuthenticAMD



---------------  S Y S T E M  ---------------

OS: Windows 10 , 64 bit Build 19041 (10.0.19041.1023)

CPU:total 6 (initial active 6) (6 cores per cpu, 1 threads per core) family 23 model 96 stepping 1, cmov, cx8, fxsr, mmx, sse, sse2, sse3, ssse3, sse4.1, sse4.2, popcnt, avx, avx2, aes, clmul, mmxext, 3dnowpref, lzcnt, sse4a, tsc, tscinvbit, tscinv, bmi1, bmi2, adx, sha, fma

Memory: 4k page, system-wide physical 15773M (4089M free)
TotalPageFile size 36205M (AvailPageFile size 130M)
current process WorkingSet (physical memory assigned to process): 10M, peak: 10M
current process commit charge ("private bytes"): 56M, peak: 304M

vm_info: OpenJDK 64-Bit Server VM (11.0.6+8-b765.40) for windows-amd64 JRE (11.0.6+8-b765.40), built on Apr 20 2020 14:37:21 by "" with MS VC++ 14.0 (VS2015)

END.
